mode: set
github.com/rks0134/CSCE4600/Project2/main.go:15.13,18.2 2 0
github.com/rks0134/CSCE4600/Project2/main.go:20.66,26.6 2 1
github.com/rks0134/CSCE4600/Project2/main.go:26.6,27.10 1 1
github.com/rks0134/CSCE4600/Project2/main.go:28.15,30.10 2 1
github.com/rks0134/CSCE4600/Project2/main.go:31.11,32.41 1 1
github.com/rks0134/CSCE4600/Project2/main.go:32.41,34.13 2 0
github.com/rks0134/CSCE4600/Project2/main.go:36.4,36.58 1 1
github.com/rks0134/CSCE4600/Project2/main.go:36.58,38.13 2 1
github.com/rks0134/CSCE4600/Project2/main.go:40.4,40.53 1 1
github.com/rks0134/CSCE4600/Project2/main.go:40.53,42.5 1 0
github.com/rks0134/CSCE4600/Project2/main.go:47.37,51.16 2 1
github.com/rks0134/CSCE4600/Project2/main.go:51.16,53.3 1 0
github.com/rks0134/CSCE4600/Project2/main.go:55.2,56.16 2 1
github.com/rks0134/CSCE4600/Project2/main.go:56.16,58.3 1 0
github.com/rks0134/CSCE4600/Project2/main.go:61.2,63.12 2 1
github.com/rks0134/CSCE4600/Project2/main.go:66.73,76.14 4 1
github.com/rks0134/CSCE4600/Project2/main.go:77.12,78.43 1 0
github.com/rks0134/CSCE4600/Project2/main.go:79.13,80.51 1 0
github.com/rks0134/CSCE4600/Project2/main.go:81.14,83.13 2 1
github.com/rks0134/CSCE4600/Project2/main.go:84.14,85.35 1 0
github.com/rks0134/CSCE4600/Project2/main.go:86.13,87.25 1 0
github.com/rks0134/CSCE4600/Project2/main.go:88.14,89.26 1 0
github.com/rks0134/CSCE4600/Project2/main.go:90.15,91.33 1 0
github.com/rks0134/CSCE4600/Project2/main.go:92.15,93.33 1 0
github.com/rks0134/CSCE4600/Project2/main.go:94.15,95.33 1 0
github.com/rks0134/CSCE4600/Project2/main.go:98.2,98.38 1 1
github.com/rks0134/CSCE4600/Project2/main.go:101.55,111.2 4 1
github.com/rks0134/CSCE4600/Project2/builtins/cd.go:14.44,15.19 1 1
github.com/rks0134/CSCE4600/Project2/builtins/cd.go:16.9,17.20 1 1
github.com/rks0134/CSCE4600/Project2/builtins/cd.go:17.20,19.4 1 1
github.com/rks0134/CSCE4600/Project2/builtins/cd.go:20.3,20.27 1 1
github.com/rks0134/CSCE4600/Project2/builtins/cd.go:21.9,22.27 1 1
github.com/rks0134/CSCE4600/Project2/builtins/cd.go:23.10,24.90 1 1
github.com/rks0134/CSCE4600/Project2/builtins/date.go:12.30,16.2 3 1
github.com/rks0134/CSCE4600/Project2/builtins/echo.go:12.46,16.2 3 1
github.com/rks0134/CSCE4600/Project2/builtins/env.go:10.62,12.33 2 1
github.com/rks0134/CSCE4600/Project2/builtins/env.go:12.33,13.22 1 1
github.com/rks0134/CSCE4600/Project2/builtins/env.go:13.22,14.23 1 1
github.com/rks0134/CSCE4600/Project2/builtins/env.go:14.23,16.5 1 1
github.com/rks0134/CSCE4600/Project2/builtins/env.go:17.4,18.7 2 1
github.com/rks0134/CSCE4600/Project2/builtins/env.go:22.2,23.35 2 1
github.com/rks0134/CSCE4600/Project2/builtins/env.go:23.35,25.30 2 1
github.com/rks0134/CSCE4600/Project2/builtins/env.go:25.30,26.37 1 1
github.com/rks0134/CSCE4600/Project2/builtins/env.go:26.37,28.10 2 1
github.com/rks0134/CSCE4600/Project2/builtins/env.go:31.3,31.11 1 1
github.com/rks0134/CSCE4600/Project2/builtins/env.go:31.11,33.4 1 1
github.com/rks0134/CSCE4600/Project2/builtins/env.go:36.2,38.12 2 1
github.com/rks0134/CSCE4600/Project2/builtins/mkdir.go:11.34,12.19 1 1
github.com/rks0134/CSCE4600/Project2/builtins/mkdir.go:12.19,14.3 1 1
github.com/rks0134/CSCE4600/Project2/builtins/mkdir.go:15.2,16.51 2 1
github.com/rks0134/CSCE4600/Project2/builtins/mkdir.go:16.51,18.3 1 1
github.com/rks0134/CSCE4600/Project2/builtins/mkdir.go:19.2,19.12 1 1
github.com/rks0134/CSCE4600/Project2/builtins/pwd.go:12.29,14.16 2 1
github.com/rks0134/CSCE4600/Project2/builtins/pwd.go:14.16,16.3 1 0
github.com/rks0134/CSCE4600/Project2/builtins/pwd.go:17.2,18.12 2 1
github.com/rks0134/CSCE4600/Project2/builtins/rmdir.go:11.34,12.19 1 1
github.com/rks0134/CSCE4600/Project2/builtins/rmdir.go:12.19,14.3 1 1
github.com/rks0134/CSCE4600/Project2/builtins/rmdir.go:15.2,16.39 2 1
github.com/rks0134/CSCE4600/Project2/builtins/rmdir.go:16.39,18.3 1 1
github.com/rks0134/CSCE4600/Project2/builtins/rmdir.go:19.2,19.12 1 1
github.com/rks0134/CSCE4600/Project2/builtins/touch.go:11.34,12.19 1 1
github.com/rks0134/CSCE4600/Project2/builtins/touch.go:12.19,14.3 1 1
github.com/rks0134/CSCE4600/Project2/builtins/touch.go:15.2,17.12 3 1
